2021-09-08 04:10:59,404  INFO [main] LoginPage:77 - User name enterd as admin
2021-09-08 04:11:00,225  INFO [main] HomePage:45 - Validated Logo
2021-09-08 04:11:19,570  INFO [main] LoginPage:77 - User name enterd as trainee
2021-09-08 04:11:20,334  INFO [main] HomePage:45 - Validated Logo
2021-09-08 08:53:06,057  INFO [main] LoginPage:77 - User name enterd as admin
2021-09-08 08:53:06,958  INFO [main] HomePage:45 - Validated Logo
2021-09-08 08:53:24,330  INFO [main] LoginPage:77 - User name enterd as trainee
2021-09-08 08:53:25,237  INFO [main] HomePage:45 - Validated Logo
2023-05-31 10:22:47,345  INFO [main] HomePage:45 - Validated Logo
2023-05-31 10:28:26,216  INFO [main] HomePage:45 - Validated Logo
2023-05-31 10:29:22,466 DEBUG [main] cache:45 - Couldn't find template in cache for "Extent.ftl"("en_US", UTF-8, parsed); will try to load it.
2023-05-31 10:29:22,469 DEBUG [main] cache:45 - TemplateLoader.findTemplateSource("Extent_en_US.ftl"): Not found
2023-05-31 10:29:22,469 DEBUG [main] cache:45 - TemplateLoader.findTemplateSource("Extent_en.ftl"): Not found
2023-05-31 10:29:22,469 DEBUG [main] cache:45 - TemplateLoader.findTemplateSource("Extent.ftl"): Found
2023-05-31 10:29:22,469 DEBUG [main] cache:45 - Loading template for "Extent.ftl"("en_US", UTF-8, parsed) from "jar:file:/C:/Users/s.kadigamugedara_exa/.m2/repository/com/relevantcodes/extentreports/2.41.2/extentreports-2.41.2.jar!/com/relevantcodes/extentreports/view/Extent.ftl"
2023-05-31 10:29:22,766 DEBUG [main] cache:45 - Couldn't find template in cache for "Extent.ftl"("en_US", UTF-8, parsed); will try to load it.
2023-05-31 10:29:22,766 DEBUG [main] cache:45 - TemplateLoader.findTemplateSource("Extent_en_US.ftl"): Not found
2023-05-31 10:29:22,768 DEBUG [main] cache:45 - TemplateLoader.findTemplateSource("Extent_en.ftl"): Not found
2023-05-31 10:29:22,768 DEBUG [main] cache:45 - TemplateLoader.findTemplateSource("Extent.ftl"): Found
2023-05-31 10:29:22,768 DEBUG [main] cache:45 - Loading template for "Extent.ftl"("en_US", UTF-8, parsed) from "jar:file:/C:/Users/s.kadigamugedara_exa/.m2/repository/com/relevantcodes/extentreports/2.41.2/extentreports-2.41.2.jar!/com/relevantcodes/extentreports/view/Extent.ftl"
2023-05-31 10:40:12,916  INFO [main] LoginPage:77 - User name enterd as admin
2023-05-31 10:40:13,214  INFO [main] HomePage:45 - Validated Logo
2023-05-31 10:40:30,253  INFO [main] LoginPage:77 - User name enterd as trainee
2023-05-31 10:40:30,530  INFO [main] HomePage:45 - Validated Logo
2023-05-31 10:41:56,677  INFO [main] LoginPage:77 - User name enterd as admin
2023-05-31 10:41:56,922  INFO [main] HomePage:45 - Validated Logo
2023-05-31 10:42:13,645  INFO [main] LoginPage:77 - User name enterd as trainee
2023-05-31 10:42:13,868  INFO [main] HomePage:45 - Validated Logo
2023-05-31 10:45:31,363  INFO [main] LoginPage:77 - User name enterd as admin
2023-05-31 10:45:31,569  INFO [main] HomePage:45 - Validated Logo
2023-05-31 10:45:45,805  INFO [main] LoginPage:77 - User name enterd as trainee
2023-05-31 10:45:45,980  INFO [main] HomePage:45 - Validated Logo
2023-05-31 10:50:18,999 DEBUG [main] cache:45 - Couldn't find template in cache for "Extent.ftl"("en_US", UTF-8, parsed); will try to load it.
2023-05-31 10:50:19,001 DEBUG [main] cache:45 - TemplateLoader.findTemplateSource("Extent_en_US.ftl"): Not found
2023-05-31 10:50:19,003 DEBUG [main] cache:45 - TemplateLoader.findTemplateSource("Extent_en.ftl"): Not found
2023-05-31 10:50:19,005 DEBUG [main] cache:45 - TemplateLoader.findTemplateSource("Extent.ftl"): Found
2023-05-31 10:50:19,006 DEBUG [main] cache:45 - Loading template for "Extent.ftl"("en_US", UTF-8, parsed) from "jar:file:/C:/Users/s.kadigamugedara_exa/.m2/repository/com/relevantcodes/extentreports/2.41.2/extentreports-2.41.2.jar!/com/relevantcodes/extentreports/view/Extent.ftl"
2023-05-31 10:50:19,185 DEBUG [main] cache:45 - Couldn't find template in cache for "Extent.ftl"("en_US", UTF-8, parsed); will try to load it.
2023-05-31 10:50:19,186 DEBUG [main] cache:45 - TemplateLoader.findTemplateSource("Extent_en_US.ftl"): Not found
2023-05-31 10:50:19,186 DEBUG [main] cache:45 - TemplateLoader.findTemplateSource("Extent_en.ftl"): Not found
2023-05-31 10:50:19,187 DEBUG [main] cache:45 - TemplateLoader.findTemplateSource("Extent.ftl"): Found
2023-05-31 10:50:19,187 DEBUG [main] cache:45 - Loading template for "Extent.ftl"("en_US", UTF-8, parsed) from "jar:file:/C:/Users/s.kadigamugedara_exa/.m2/repository/com/relevantcodes/extentreports/2.41.2/extentreports-2.41.2.jar!/com/relevantcodes/extentreports/view/Extent.ftl"
2023-05-31 10:53:32,658  INFO [main] HomePage:45 - Validated Logo
2023-05-31 10:59:19,574  INFO [main] HomePage:45 - Validated Logo
2023-05-31 11:01:51,106  INFO [main] LoginPage:77 - User name enterd as admin
2023-05-31 11:01:51,384  INFO [main] HomePage:45 - Validated Logo
2023-05-31 11:02:11,222  INFO [main] LoginPage:77 - User name enterd as trainee
2023-05-31 11:02:11,492  INFO [main] HomePage:45 - Validated Logo
2023-05-31 11:04:28,851  INFO [main] HomePage:45 - Validated Logo
2023-05-31 11:06:02,039  INFO [main] HomePage:45 - Validated Logo
2023-05-31 11:07:02,106 DEBUG [main] cache:45 - Couldn't find template in cache for "Extent.ftl"("en_US", UTF-8, parsed); will try to load it.
2023-05-31 11:07:02,106 DEBUG [main] cache:45 - TemplateLoader.findTemplateSource("Extent_en_US.ftl"): Not found
2023-05-31 11:07:02,106 DEBUG [main] cache:45 - TemplateLoader.findTemplateSource("Extent_en.ftl"): Not found
2023-05-31 11:07:02,106 DEBUG [main] cache:45 - TemplateLoader.findTemplateSource("Extent.ftl"): Found
2023-05-31 11:07:02,106 DEBUG [main] cache:45 - Loading template for "Extent.ftl"("en_US", UTF-8, parsed) from "jar:file:/C:/Users/s.kadigamugedara_exa/.m2/repository/com/relevantcodes/extentreports/2.41.2/extentreports-2.41.2.jar!/com/relevantcodes/extentreports/view/Extent.ftl"
2023-05-31 11:07:02,504 DEBUG [main] cache:45 - Couldn't find template in cache for "Extent.ftl"("en_US", UTF-8, parsed); will try to load it.
2023-05-31 11:07:02,513 DEBUG [main] cache:45 - TemplateLoader.findTemplateSource("Extent_en_US.ftl"): Not found
2023-05-31 11:07:02,513 DEBUG [main] cache:45 - TemplateLoader.findTemplateSource("Extent_en.ftl"): Not found
2023-05-31 11:07:02,513 DEBUG [main] cache:45 - TemplateLoader.findTemplateSource("Extent.ftl"): Found
2023-05-31 11:07:02,513 DEBUG [main] cache:45 - Loading template for "Extent.ftl"("en_US", UTF-8, parsed) from "jar:file:/C:/Users/s.kadigamugedara_exa/.m2/repository/com/relevantcodes/extentreports/2.41.2/extentreports-2.41.2.jar!/com/relevantcodes/extentreports/view/Extent.ftl"
2023-11-03 23:52:10,957  INFO [main] LoginPage:77 - User name enterd as 2019is003@stu.ucsc.cmb.ac.lk
2023-11-03 23:54:29,017  INFO [main] LoginPage:77 - User name enterd as 2019is003@stu.ucsc.cmb.ac.lk
2023-11-03 23:54:29,370  INFO [main] HomePage:45 - Validated Logo
2023-11-03 23:54:47,197  INFO [main] LoginPage:77 - User name enterd as trainee
2023-11-03 23:54:47,423  INFO [main] HomePage:45 - Validated Logo
2023-11-04 00:01:53,130  INFO [main] LoginPage:77 - User name enterd as 2019is003@stu.ucsc.cmb.ac.lk
2023-11-04 00:06:49,942  INFO [main] LoginPage:77 - User name enterd as 2019is003@stu.ucsc.cmb.ac.lk
2023-11-04 00:08:37,034  INFO [main] LoginPage:77 - User name enterd as 2019is003@stu.ucsc.cmb.ac.lk
2023-11-04 00:11:30,315  INFO [main] LoginPage:77 - User name enterd as 2019is003@stu.ucsc.cmb.ac.lk
2023-11-04 00:21:13,663  INFO [main] LoginPage:77 - User name enterd as 2019is003@stu.ucsc.cmb.ac.lk
2023-11-04 00:22:55,144  INFO [main] LoginPage:77 - User name enterd as 2019is003@stu.ucsc.cmb.ac.lk
2023-11-04 00:25:44,525  INFO [main] LoginPage:77 - User name enterd as 2019is003@stu.ucsc.cmb.ac.lk
2023-11-04 00:27:55,263  INFO [main] LoginPage:77 - User name enterd as 2019is003@stu.ucsc.cmb.ac.lk
2023-11-04 00:33:00,912  INFO [main] LoginPage:77 - User name enterd as 2019is003@stu.ucsc.cmb.ac.lk
2023-11-04 00:51:22,423  INFO [main] LoginPage:77 - User name enterd as 2019is003@stu.ucsc.cmb.ac.lk
2023-11-04 00:53:07,627  INFO [main] LoginPage:77 - User name enterd as 2019is003@stu.ucsc.cmb.ac.lk
2023-11-04 00:57:21,078  INFO [main] LoginPage:77 - User name enterd as 2019is003@stu.ucsc.cmb.ac.lk
2023-11-04 00:58:27,428  INFO [main] LoginPage:77 - User name enterd as 2019is003@stu.ucsc.cmb.ac.lk
2023-11-04 01:12:38,600  INFO [main] LoginPage:77 - User name enterd as 2019is003@stu.ucsc.cmb.ac.lk
2023-11-04 01:12:50,777  INFO [main] NewUserCreationStepDefinitions:64 - User Successfully Created 
2023-11-04 13:04:17,147  INFO [main] LoginPage:77 - User name enterd as 2019is033@stu.ucsc.cmb.ac.lk
2023-11-04 13:08:57,916  INFO [main] LoginPage:77 - User name enterd as 2019is033@stu.ucsc.cmb.ac.lk
2023-11-04 13:09:09,741  INFO [main] NewUserCreationStepDefinitions:64 - User Successfully Created 
